<?xml version="1.0" encoding="UTF-8"?>
<testsuite name="org.example.web.HelloControllerTest" tests="2" skipped="0" failures="0" errors="0" timestamp="2021-05-30T01:36:40" hostname="DESKTOP-41VMKVK" time="0.521">
  <properties/>
  <testcase name="helloDto_return" classname="org.example.web.HelloControllerTest" time="0.509"/>
  <testcase name="hello_return" classname="org.example.web.HelloControllerTest" time="0.011"/>
  <system-out><![CDATA[10:36:37.171 [Test worker] DEBUG org.springframework.test.annotation.ProfileValueUtils - Retrieved @ProfileValueSourceConfiguration [null] for test class [org.example.web.HelloControllerTest]
10:36:37.171 [Test worker] DEBUG org.springframework.test.annotation.ProfileValueUtils - Retrieved ProfileValueSource type [class org.springframework.test.annotation.SystemProfileValueSource] for class [org.example.web.HelloControllerTest]
10:36:37.172 [Test worker] DEBUG org.springframework.test.annotation.ProfileValueUtils - Retrieved @ProfileValueSourceConfiguration [null] for test class [org.example.web.HelloControllerTest]
10:36:37.172 [Test worker] DEBUG org.springframework.test.annotation.ProfileValueUtils - Retrieved ProfileValueSource type [class org.springframework.test.annotation.SystemProfileValueSource] for class [org.example.web.HelloControllerTest]
10:36:37.179 [Test worker] DEBUG org.springframework.test.context.support.AbstractDirtiesContextTestExecutionListener - Before test class: context [DefaultTestContext@1afd8ec7 testClass = HelloControllerTest, testInstance = [null], testMethod = [null], testException = [null], mergedContextConfiguration = [WebMergedContextConfiguration@6413681b testClass = HelloControllerTest, locations = '{}', classes = '{class org.example.Application}', contextInitializerClasses = '[]', activeProfiles = '{}', propertySourceLocations = '{}', propertySourceProperties = '{org.springframework.boot.test.autoconfigure.web.servlet.WebMvcTestContextBootstrapper=true}', contextCustomizers = set[org.springframework.boot.test.autoconfigure.OverrideAutoConfigurationContextCustomizerFactory$DisableAutoConfigurationContextCustomizer@55eab6d0, org.springframework.boot.test.autoconfigure.filter.TypeExcludeFiltersContextCustomizer@8640eae4, org.springframework.boot.test.autoconfigure.properties.PropertyMappingContextCustomizer@d10a4fbb, org.springframework.boot.test.autoconfigure.web.servlet.WebDriverContextCustomizerFactory$Customizer@5deab5ce, [ImportsContextCustomizer@6211f64d key = [org.springframework.boot.autoconfigure.cache.CacheAutoConfiguration, org.springframework.boot.autoconfigure.context.MessageSourceAutoConfiguration, org.springframework.boot.autoconfigure.data.web.SpringDataWebAutoConfiguration, org.springframework.boot.autoconfigure.freemarker.FreeMarkerAutoConfiguration, org.springframework.boot.autoconfigure.groovy.template.GroovyTemplateAutoConfiguration, org.springframework.boot.autoconfigure.gson.GsonAutoConfiguration, org.springframework.boot.autoconfigure.hateoas.HypermediaAutoConfiguration, org.springframework.boot.autoconfigure.http.HttpMessageConvertersAutoConfiguration, org.springframework.boot.autoconfigure.jackson.JacksonAutoConfiguration, org.springframework.boot.autoconfigure.jsonb.JsonbAutoConfiguration, org.springframework.boot.autoconfigure.mustache.MustacheAutoConfiguration, org.springframework.boot.autoconfigure.task.TaskExecutionAutoConfiguration, org.springframework.boot.autoconfigure.thymeleaf.ThymeleafAutoConfiguration, org.springframework.boot.autoconfigure.validation.ValidationAutoConfiguration, org.springframework.boot.autoconfigure.web.servlet.error.ErrorMvcAutoConfiguration, org.springframework.boot.autoconfigure.web.servlet.WebMvcAutoConfiguration, org.springframework.boot.test.autoconfigure.web.servlet.MockMvcAutoConfiguration, org.springframework.boot.test.autoconfigure.web.servlet.MockMvcWebClientAutoConfiguration, org.springframework.boot.test.autoconfigure.web.servlet.MockMvcWebDriverAutoConfiguration, org.springframework.boot.autoconfigure.security.servlet.SecurityAutoConfiguration, org.springframework.boot.autoconfigure.security.servlet.UserDetailsServiceAutoConfiguration, org.springframework.boot.test.autoconfigure.web.servlet.MockMvcSecurityConfiguration]], org.springframework.boot.test.context.filter.ExcludeFilterContextCustomizer@d77a73d, org.springframework.boot.test.json.DuplicateJsonObjectContextCustomizerFactory$DuplicateJsonObjectContextCustomizer@3e1743c, org.springframework.boot.test.mock.mockito.MockitoContextCustomizer@0], resourceBasePath = 'src/main/webapp', contextLoader = 'org.springframework.boot.test.context.SpringBootContextLoader', parent = [null]], attributes = map[[empty]]], class annotated with @DirtiesContext [false] with mode [null].
10:36:37.183 [Test worker] DEBUG org.springframework.test.annotation.ProfileValueUtils - Retrieved @ProfileValueSourceConfiguration [null] for test class [org.example.web.HelloControllerTest]
10:36:37.183 [Test worker] DEBUG org.springframework.test.annotation.ProfileValueUtils - Retrieved ProfileValueSource type [class org.springframework.test.annotation.SystemProfileValueSource] for class [org.example.web.HelloControllerTest]
10:36:37.189 [Test worker] DEBUG org.springframework.test.context.support.DependencyInjectionTestExecutionListener - Performing dependency injection for test context [[DefaultTestContext@1afd8ec7 testClass = HelloControllerTest, testInstance = org.example.web.HelloControllerTest@452500aa, testMethod = [null], testException = [null], mergedContextConfiguration = [WebMergedContextConfiguration@6413681b testClass = HelloControllerTest, locations = '{}', classes = '{class org.example.Application}', contextInitializerClasses = '[]', activeProfiles = '{}', propertySourceLocations = '{}', propertySourceProperties = '{org.springframework.boot.test.autoconfigure.web.servlet.WebMvcTestContextBootstrapper=true}', contextCustomizers = set[org.springframework.boot.test.autoconfigure.OverrideAutoConfigurationContextCustomizerFactory$DisableAutoConfigurationContextCustomizer@55eab6d0, org.springframework.boot.test.autoconfigure.filter.TypeExcludeFiltersContextCustomizer@8640eae4, org.springframework.boot.test.autoconfigure.properties.PropertyMappingContextCustomizer@d10a4fbb, org.springframework.boot.test.autoconfigure.web.servlet.WebDriverContextCustomizerFactory$Customizer@5deab5ce, [ImportsContextCustomizer@6211f64d key = [org.springframework.boot.autoconfigure.cache.CacheAutoConfiguration, org.springframework.boot.autoconfigure.context.MessageSourceAutoConfiguration, org.springframework.boot.autoconfigure.data.web.SpringDataWebAutoConfiguration, org.springframework.boot.autoconfigure.freemarker.FreeMarkerAutoConfiguration, org.springframework.boot.autoconfigure.groovy.template.GroovyTemplateAutoConfiguration, org.springframework.boot.autoconfigure.gson.GsonAutoConfiguration, org.springframework.boot.autoconfigure.hateoas.HypermediaAutoConfiguration, org.springframework.boot.autoconfigure.http.HttpMessageConvertersAutoConfiguration, org.springframework.boot.autoconfigure.jackson.JacksonAutoConfiguration, org.springframework.boot.autoconfigure.jsonb.JsonbAutoConfiguration, org.springframework.boot.autoconfigure.mustache.MustacheAutoConfiguration, org.springframework.boot.autoconfigure.task.TaskExecutionAutoConfiguration, org.springframework.boot.autoconfigure.thymeleaf.ThymeleafAutoConfiguration, org.springframework.boot.autoconfigure.validation.ValidationAutoConfiguration, org.springframework.boot.autoconfigure.web.servlet.error.ErrorMvcAutoConfiguration, org.springframework.boot.autoconfigure.web.servlet.WebMvcAutoConfiguration, org.springframework.boot.test.autoconfigure.web.servlet.MockMvcAutoConfiguration, org.springframework.boot.test.autoconfigure.web.servlet.MockMvcWebClientAutoConfiguration, org.springframework.boot.test.autoconfigure.web.servlet.MockMvcWebDriverAutoConfiguration, org.springframework.boot.autoconfigure.security.servlet.SecurityAutoConfiguration, org.springframework.boot.autoconfigure.security.servlet.UserDetailsServiceAutoConfiguration, org.springframework.boot.test.autoconfigure.web.servlet.MockMvcSecurityConfiguration]], org.springframework.boot.test.context.filter.ExcludeFilterContextCustomizer@d77a73d, org.springframework.boot.test.json.DuplicateJsonObjectContextCustomizerFactory$DuplicateJsonObjectContextCustomizer@3e1743c, org.springframework.boot.test.mock.mockito.MockitoContextCustomizer@0], resourceBasePath = 'src/main/webapp', contextLoader = 'org.springframework.boot.test.context.SpringBootContextLoader', parent = [null]], attributes = map[[empty]]]].
10:36:37.220 [Test worker] DEBUG org.springframework.test.context.support.TestPropertySourceUtils - Adding inlined properties to environment: {spring.jmx.enabled=false, org.springframework.boot.test.autoconfigure.web.servlet.WebMvcTestContextBootstrapper=true, server.port=-1}

  .   ____          _            __ _ _
 /\\ / ___'_ __ _ _(_)_ __  __ _ \ \ \ \
( ( )\___ | '_ | '_| | '_ \/ _` | \ \ \ \
 \\/  ___)| |_)| | | | | || (_| |  ) ) ) )
  '  |____| .__|_| |_|_| |_\__, | / / / /
 =========|_|==============|___/=/_/_/_/
 :: Spring Boot ::        (v2.2.0.RELEASE)

2021-05-30 10:36:37.731  INFO 14788 --- [    Test worker] org.example.web.HelloControllerTest      : Starting HelloControllerTest on DESKTOP-41VMKVK with PID 14788 (started by lg in C:\Users\lg\IdeaProjects\SpringBoot)
2021-05-30 10:36:37.733  INFO 14788 --- [    Test worker] org.example.web.HelloControllerTest      : The following profiles are active: oauth
2021-05-30 10:36:39.406  INFO 14788 --- [    Test worker] o.s.s.concurrent.ThreadPoolTaskExecutor  : Initializing ExecutorService 'applicationTaskExecutor'
2021-05-30 10:36:39.552  INFO 14788 --- [    Test worker] o.s.b.a.w.s.WelcomePageHandlerMapping    : Adding welcome page template: index
2021-05-30 10:36:40.002  INFO 14788 --- [    Test worker] .s.s.UserDetailsServiceAutoConfiguration : 

Using generated security password: 7fd2b64d-7874-47eb-960c-3f433b29af8a

2021-05-30 10:36:40.420  INFO 14788 --- [    Test worker] o.s.s.web.DefaultSecurityFilterChain     : Creating filter chain: any request, [org.springframework.security.web.context.request.async.WebAsyncManagerIntegrationFilter@161e62bd, org.springframework.security.web.context.SecurityContextPersistenceFilter@449893e4, org.springframework.security.web.header.HeaderWriterFilter@5cc1337e, org.springframework.security.web.csrf.CsrfFilter@161c5c12, org.springframework.security.web.authentication.logout.LogoutFilter@10eddd0b, org.springframework.security.web.authentication.UsernamePasswordAuthenticationFilter@644f2543, org.springframework.security.web.authentication.ui.DefaultLoginPageGeneratingFilter@43b89967, org.springframework.security.web.authentication.ui.DefaultLogoutPageGeneratingFilter@2549e4f0, org.springframework.security.web.authentication.www.BasicAuthenticationFilter@34e821c2, org.springframework.security.web.savedrequest.RequestCacheAwareFilter@43421577, org.springframework.security.web.servletapi.SecurityContextHolderAwareRequestFilter@7070e9d, org.springframework.security.web.authentication.AnonymousAuthenticationFilter@3304e5e1, org.springframework.security.web.session.SessionManagementFilter@4605fc26, org.springframework.security.web.access.ExceptionTranslationFilter@6634c8bf, org.springframework.security.web.access.intercept.FilterSecurityInterceptor@28676a34]
2021-05-30 10:36:40.508  INFO 14788 --- [    Test worker] o.s.b.t.m.w.SpringBootMockServletContext : Initializing Spring TestDispatcherServlet ''
2021-05-30 10:36:40.508  INFO 14788 --- [    Test worker] o.s.t.web.servlet.TestDispatcherServlet  : Initializing Servlet ''
2021-05-30 10:36:40.533  INFO 14788 --- [    Test worker] o.s.t.web.servlet.TestDispatcherServlet  : Completed initialization in 21 ms
2021-05-30 10:36:40.582  INFO 14788 --- [    Test worker] org.example.web.HelloControllerTest      : Started HelloControllerTest in 3.344 seconds (JVM running for 6.283)
]]></system-out>
  <system-err><![CDATA[]]></system-err>
</testsuite>
