<?xml version="1.0" encoding="UTF-8"?>
<testsuite name="org.example.domain.posts.PostRepositoryTest" tests="2" skipped="0" failures="0" errors="0" timestamp="2021-05-30T01:36:46" hostname="DESKTOP-41VMKVK" time="0.303">
  <properties/>
  <testcase name="callback" classname="org.example.domain.posts.PostRepositoryTest" time="0.289"/>
  <testcase name="BaseTimeEntity_create" classname="org.example.domain.posts.PostRepositoryTest" time="0.014"/>
  <system-out><![CDATA[
  .   ____          _            __ _ _
 /\\ / ___'_ __ _ _(_)_ __  __ _ \ \ \ \
( ( )\___ | '_ | '_| | '_ \/ _` | \ \ \ \
 \\/  ___)| |_)| | | | | || (_| |  ) ) ) )
  '  |____| .__|_| |_|_| |_\__, | / / / /
 =========|_|==============|___/=/_/_/_/
 :: Spring Boot ::        (v2.2.0.RELEASE)

2021-05-30 10:36:41.188  INFO 14788 --- [    Test worker] o.e.domain.posts.PostRepositoryTest      : Starting PostRepositoryTest on DESKTOP-41VMKVK with PID 14788 (started by lg in C:\Users\lg\IdeaProjects\SpringBoot)
2021-05-30 10:36:41.188  INFO 14788 --- [    Test worker] o.e.domain.posts.PostRepositoryTest      : The following profiles are active: oauth
2021-05-30 10:36:41.770  INFO 14788 --- [    Test worker] .s.d.r.c.RepositoryConfigurationDelegate : Bootstrapping Spring Data repositories in DEFAULT mode.
2021-05-30 10:36:41.880  INFO 14788 --- [    Test worker] .s.d.r.c.RepositoryConfigurationDelegate : Finished Spring Data repository scanning in 91ms. Found 2 repository interfaces.
2021-05-30 10:36:42.287  INFO 14788 --- [    Test worker] trationDelegate$BeanPostProcessorChecker : Bean 'org.springframework.transaction.annotation.ProxyTransactionManagementConfiguration' of type [org.springframework.transaction.annotation.ProxyTransactionManagementConfiguration] is not eligible for getting processed by all BeanPostProcessors (for example: not eligible for auto-proxying)
2021-05-30 10:36:42.503  INFO 14788 --- [    Test worker] com.zaxxer.hikari.HikariDataSource       : HikariPool-1 - Starting...
2021-05-30 10:36:42.757  INFO 14788 --- [    Test worker] com.zaxxer.hikari.HikariDataSource       : HikariPool-1 - Start completed.
2021-05-30 10:36:42.869  INFO 14788 --- [    Test worker] o.hibernate.jpa.internal.util.LogHelper  : HHH000204: Processing PersistenceUnitInfo [name: default]
2021-05-30 10:36:43.016  INFO 14788 --- [    Test worker] org.hibernate.Version                    : HHH000412: Hibernate Core {5.4.6.Final}
2021-05-30 10:36:43.105  INFO 14788 --- [    Test worker] o.hibernate.annotations.common.Version   : HCANN000001: Hibernate Commons Annotations {5.1.0.Final}
2021-05-30 10:36:43.293  INFO 14788 --- [    Test worker] org.hibernate.dialect.Dialect            : HHH000400: Using dialect: org.hibernate.dialect.MySQL5InnoDBDialect
Hibernate: drop table if exists posts
Hibernate: drop table if exists user
Hibernate: create table posts (id bigint not null auto_increment, created_date datetime, modified_date datetime, author varchar(255), content TEXT not null, title varchar(500) not null, primary key (id)) engine=InnoDB
Hibernate: create table user (id bigint not null auto_increment, created_date datetime, modified_date datetime, email varchar(255) not null, name varchar(255) not null, picture varchar(255), role varchar(255) not null, primary key (id)) engine=InnoDB
2021-05-30 10:36:44.525  INFO 14788 --- [    Test worker] o.h.e.t.j.p.i.JtaPlatformInitiator       : HHH000490: Using JtaPlatform implementation: [org.hibernate.engine.transaction.jta.platform.internal.NoJtaPlatform]
2021-05-30 10:36:44.534  INFO 14788 --- [    Test worker] j.LocalContainerEntityManagerFactoryBean : Initialized JPA EntityManagerFactory for persistence unit 'default'
2021-05-30 10:36:45.165  WARN 14788 --- [    Test worker] JpaBaseConfiguration$JpaWebConfiguration : spring.jpa.open-in-view is enabled by default. Therefore, database queries may be performed during view rendering. Explicitly configure spring.jpa.open-in-view to disable this warning
2021-05-30 10:36:45.749  INFO 14788 --- [    Test worker] o.s.s.web.DefaultSecurityFilterChain     : Creating filter chain: any request, [org.springframework.security.web.context.request.async.WebAsyncManagerIntegrationFilter@1626ade3, org.springframework.security.web.context.SecurityContextPersistenceFilter@52c1dfd2, org.springframework.security.web.header.HeaderWriterFilter@7e13ca1, org.springframework.security.web.authentication.logout.LogoutFilter@19cb19c2, org.springframework.security.oauth2.client.web.OAuth2AuthorizationRequestRedirectFilter@79a4b02e, org.springframework.security.oauth2.client.web.OAuth2LoginAuthenticationFilter@577dc58, org.springframework.security.web.authentication.ui.DefaultLoginPageGeneratingFilter@3915c60b, org.springframework.security.web.authentication.ui.DefaultLogoutPageGeneratingFilter@6c42b4ca, org.springframework.security.web.savedrequest.RequestCacheAwareFilter@3ca81d3d, org.springframework.security.web.servletapi.SecurityContextHolderAwareRequestFilter@32a22a3d, org.springframework.security.web.authentication.AnonymousAuthenticationFilter@57ec2006, org.springframework.security.web.session.SessionManagementFilter@408976b4, org.springframework.security.web.access.ExceptionTranslationFilter@2e781fe8, org.springframework.security.web.access.intercept.FilterSecurityInterceptor@dcbe0fc]
2021-05-30 10:36:46.181  INFO 14788 --- [    Test worker] o.s.s.concurrent.ThreadPoolTaskExecutor  : Initializing ExecutorService 'applicationTaskExecutor'
2021-05-30 10:36:46.243  INFO 14788 --- [    Test worker] o.s.b.a.w.s.WelcomePageHandlerMapping    : Adding welcome page template: index
2021-05-30 10:36:46.583  INFO 14788 --- [    Test worker] o.s.b.a.h2.H2ConsoleAutoConfiguration    : H2 console available at '/h2-console'. Database available at 'jdbc:h2:mem:testdb'
2021-05-30 10:36:46.839  INFO 14788 --- [    Test worker] s.a.ScheduledAnnotationBeanPostProcessor : No TaskScheduler/ScheduledExecutorService bean found for scheduled processing
2021-05-30 10:36:46.849  INFO 14788 --- [    Test worker] o.e.domain.posts.PostRepositoryTest      : Started PostRepositoryTest in 5.722 seconds (JVM running for 12.549)
Hibernate: insert into posts (created_date, modified_date, author, content, title) values (?, ?, ?, ?, ?)
Hibernate: select posts0_.id as id1_0_, posts0_.created_date as created_2_0_, posts0_.modified_date as modified3_0_, posts0_.author as author4_0_, posts0_.content as content5_0_, posts0_.title as title6_0_ from posts posts0_
Hibernate: select posts0_.id as id1_0_, posts0_.created_date as created_2_0_, posts0_.modified_date as modified3_0_, posts0_.author as author4_0_, posts0_.content as content5_0_, posts0_.title as title6_0_ from posts posts0_
Hibernate: delete from posts where id=?
Hibernate: insert into posts (created_date, modified_date, author, content, title) values (?, ?, ?, ?, ?)
Hibernate: select posts0_.id as id1_0_, posts0_.created_date as created_2_0_, posts0_.modified_date as modified3_0_, posts0_.author as author4_0_, posts0_.content as content5_0_, posts0_.title as title6_0_ from posts posts0_
>>>>>>>> createDate=2021-05-30T10:36:47.147, modifiedDate=2021-05-30T10:36:47.147
Hibernate: select posts0_.id as id1_0_, posts0_.created_date as created_2_0_, posts0_.modified_date as modified3_0_, posts0_.author as author4_0_, posts0_.content as content5_0_, posts0_.title as title6_0_ from posts posts0_
Hibernate: delete from posts where id=?
]]></system-out>
  <system-err><![CDATA[]]></system-err>
</testsuite>
